2026-05-06T13:45:51.535Z [INIT] Initialized a3c-lab-4 with 1 features
2026-05-06T13:46:13.191Z [DELETE] <core.setup> Deleted feature core.setup
2026-05-06T13:46:21.527Z [CREATE] <bootstrap.nix-flake-tools> Created feature bootstrap.nix-flake-tools
2026-05-06T13:46:35.169Z [CREATE] <bootstrap.config-scheme> Created feature bootstrap.config-scheme
2026-05-06T13:46:44.805Z [CREATE] <talos.image-factory-schematic> Created feature talos.image-factory-schematic
2026-05-06T13:46:59.211Z [CREATE] <infra.opentofu.proxmox-vms> Created feature infra.opentofu.proxmox-vms
2026-05-06T13:47:11.953Z [CREATE] <talos.machine-configs> Created feature talos.machine-configs
2026-05-06T13:47:23.181Z [CREATE] <talos.bootstrap-cluster> Created feature talos.bootstrap-cluster
2026-05-06T13:48:00.286Z [UPDATE] <bootstrap.config-scheme> Updated feature bootstrap.config-scheme | fields=companionFile
2026-05-06T13:48:00.673Z [UPDATE] <talos.image-factory-schematic> Updated feature talos.image-factory-schematic | fields=companionFile
2026-05-06T13:48:01.720Z [UPDATE] <infra.opentofu.proxmox-vms> Updated feature infra.opentofu.proxmox-vms | fields=companionFile
2026-05-06T13:48:01.961Z [UPDATE] <talos.machine-configs> Updated feature talos.machine-configs | fields=companionFile
2026-05-06T13:48:02.301Z [UPDATE] <talos.bootstrap-cluster> Updated feature talos.bootstrap-cluster | fields=companionFile
2026-05-06T14:16:23.795Z [IMPLEMENTED] <bootstrap.nix-flake-tools> Implemented feature bootstrap.nix-flake-tools (awaiting review)
2026-05-06T14:19:07.078Z [IMPLEMENTED] <bootstrap.config-scheme> Implemented feature bootstrap.config-scheme (awaiting review)
2026-05-06T14:22:14.655Z [IMPLEMENTED] <talos.image-factory-schematic> Implemented feature talos.image-factory-schematic (awaiting review)
2026-05-06T14:26:50.495Z [IMPLEMENTED] <infra.opentofu.proxmox-vms> Implemented feature infra.opentofu.proxmox-vms (awaiting review)
2026-05-06T14:38:59.612Z [IMPLEMENTED] <talos.machine-configs> Implemented feature talos.machine-configs (awaiting review)
2026-05-06T14:43:19.026Z [IMPLEMENTED] <talos.bootstrap-cluster> Implemented feature talos.bootstrap-cluster (awaiting review)
2026-05-06T15:14:46.212Z [UPDATE] <infra.opentofu.proxmox-vms> Updated feature infra.opentofu.proxmox-vms | fields=acceptance
2026-05-06T15:53:05.927Z [CREATE] <talos.apply-via-dhcp-discovery> Created feature talos.apply-via-dhcp-discovery
2026-05-06T15:55:03.290Z [UPDATE] <talos.apply-via-dhcp-discovery> Updated feature talos.apply-via-dhcp-discovery | fields=description,module,priority,acceptance,dependsOn,notes,companionFile
2026-05-06T15:55:12.296Z [DELETE] <talos.apply-via-dhcp-discovery> Deleted feature talos.apply-via-dhcp-discovery
2026-05-06T15:55:21.150Z [CREATE] <talos.nocloud-proxmox-cloudinit> Created feature talos.nocloud-proxmox-cloudinit
2026-05-06T15:55:45.205Z [UPDATE] <talos.nocloud-proxmox-cloudinit> Updated feature talos.nocloud-proxmox-cloudinit | fields=description,module,priority,acceptance,dependsOn,notes,companionFile
2026-05-06T16:01:29.427Z [IMPLEMENTED] <talos.nocloud-proxmox-cloudinit> Implemented feature talos.nocloud-proxmox-cloudinit (awaiting review)
2026-05-06T18:36:12.360Z [CREATE] <bootstrap.split-tools-and-clusters> Created feature bootstrap.split-tools-and-clusters
2026-05-06T19:01:09.624Z [IMPLEMENTED] <bootstrap.split-tools-and-clusters> Implemented feature bootstrap.split-tools-and-clusters (awaiting review)
2026-05-06T22:35:57.099Z [CREATE] <cluster.cert-manager-atricore-ca> Created feature cluster.cert-manager-atricore-ca
2026-05-06T22:45:37.204Z [IMPLEMENTED] <cluster.cert-manager-atricore-ca> Implemented feature cluster.cert-manager-atricore-ca (awaiting review)
2026-05-07T14:47:13.563Z [CREATE] <cluster.metallb-l2> Created feature cluster.metallb-l2
2026-05-07T14:56:54.632Z [IMPLEMENTED] <cluster.metallb-l2> Implemented feature cluster.metallb-l2 (awaiting review)
2026-05-07T16:05:50.797Z [CREATE] <cluster.newt-pangolin-client> Created feature cluster.newt-pangolin-client
2026-05-07T16:06:34.161Z [UPDATE] <cluster.newt-pangolin-client> Updated feature cluster.newt-pangolin-client | fields=acceptance
2026-05-07T16:17:24.094Z [IMPLEMENTED] <cluster.newt-pangolin-client> Implemented feature cluster.newt-pangolin-client (awaiting review)
